The system is: Windows - 6.1.7601 - AMD64
Compiling the C compiler identification source file "CMakeCCompilerId.c" succeeded.
Compiler: C:/Program Files (x86)/Microsoft Visual Studio/2019/Community/VC/Tools/MSVC/14.26.28801/bin/HostX64/x64/cl.exe 
Build flags: 
Id flags:  

The output was:
0
Optimalizující kompilátor C/C++ společnosti Microsoft (R) verze 19.26.28805 pro procesory x64
Copyright (C) Microsoft Corporation. Všechna práva vyhrazena.

CMakeCCompilerId.c
Microsoft (R) Incremental Linker Version 14.26.28805.0
Copyright (C) Microsoft Corporation.  All rights reserved.

/out:CMakeCCompilerId.exe 
CMakeCCompilerId.obj 


Compilation of the C compiler identification source "CMakeCCompilerId.c" produced "CMakeCCompilerId.exe"

Compilation of the C compiler identification source "CMakeCCompilerId.c" produced "CMakeCCompilerId.obj"

The C compiler identification is MSVC, found in "C:/Users/Lukáš/Desktop/test_2048/out/build/x64-Debug (výchozí)/CMakeFiles/3.17.20032601-MSVC_2/CompilerIdC/CMakeCCompilerId.exe"

Compiling the CXX compiler identification source file "CMakeCXXCompilerId.cpp" succeeded.
Compiler: C:/Program Files (x86)/Microsoft Visual Studio/2019/Community/VC/Tools/MSVC/14.26.28801/bin/HostX64/x64/cl.exe 
Build flags: 
Id flags:  

The output was:
0
Optimalizující kompilátor C/C++ společnosti Microsoft (R) verze 19.26.28805 pro procesory x64
Copyright (C) Microsoft Corporation. Všechna práva vyhrazena.

CMakeCXXCompilerId.cpp
Microsoft (R) Incremental Linker Version 14.26.28805.0
Copyright (C) Microsoft Corporation.  All rights reserved.

/out:CMakeCXXCompilerId.exe 
CMakeCXXCompilerId.obj 


Compilation of the CXX compiler identification source "CMakeCXXCompilerId.cpp" produced "CMakeCXXCompilerId.exe"

Compilation of the CXX compiler identification source "CMakeCXXCompilerId.cpp" produced "CMakeCXXCompilerId.obj"

The CXX compiler identification is MSVC, found in "C:/Users/Lukáš/Desktop/test_2048/out/build/x64-Debug (výchozí)/CMakeFiles/3.17.20032601-MSVC_2/CompilerIdCXX/CMakeCXXCompilerId.exe"

Determining if the C compiler works passed with the following output:
Change Dir: C:/Users/Lukáš/Desktop/test_2048/out/build/x64-Debug (výchozí)/CMakeFiles/CMakeTmp

Run Build Command(s):C:/Program Files (x86)/Microsoft Visual Studio/2019/Community/Common7/IDE/CommonExtensions/Microsoft/CMake/Ninja/ninja.exe cmTC_2fc9f && [1/2] Building C object CMakeFiles\cmTC_2fc9f.dir\testCCompiler.c.obj
[2/2] Linking C executable cmTC_2fc9f.exe



Detecting C compiler ABI info compiled with the following output:
Change Dir: C:/Users/Lukáš/Desktop/test_2048/out/build/x64-Debug (výchozí)/CMakeFiles/CMakeTmp

Run Build Command(s):C:/Program Files (x86)/Microsoft Visual Studio/2019/Community/Common7/IDE/CommonExtensions/Microsoft/CMake/Ninja/ninja.exe cmTC_67263 && [1/2] Building C object CMakeFiles\cmTC_67263.dir\CMakeCCompilerABI.c.obj
Poznámka: Včetně souboru: C:\Program Files (x86)\Microsoft Visual Studio\2019\Community\Common7\IDE\CommonExtensions\Microsoft\CMake\CMake\share\cmake-3.17\Modules\CMakeCompilerABI.h
[2/2] Linking C executable cmTC_67263.exe



Determining if the CXX compiler works passed with the following output:
Change Dir: C:/Users/Lukáš/Desktop/test_2048/out/build/x64-Debug (výchozí)/CMakeFiles/CMakeTmp

Run Build Command(s):C:/Program Files (x86)/Microsoft Visual Studio/2019/Community/Common7/IDE/CommonExtensions/Microsoft/CMake/Ninja/ninja.exe cmTC_29d56 && [1/2] Building CXX object CMakeFiles\cmTC_29d56.dir\testCXXCompiler.cxx.obj
[2/2] Linking CXX executable cmTC_29d56.exe



Detecting CXX compiler ABI info compiled with the following output:
Change Dir: C:/Users/Lukáš/Desktop/test_2048/out/build/x64-Debug (výchozí)/CMakeFiles/CMakeTmp

Run Build Command(s):C:/Program Files (x86)/Microsoft Visual Studio/2019/Community/Common7/IDE/CommonExtensions/Microsoft/CMake/Ninja/ninja.exe cmTC_db942 && [1/2] Building CXX object CMakeFiles\cmTC_db942.dir\CMakeCXXCompilerABI.cpp.obj
Poznámka: Včetně souboru: C:\Program Files (x86)\Microsoft Visual Studio\2019\Community\Common7\IDE\CommonExtensions\Microsoft\CMake\CMake\share\cmake-3.17\Modules\CMakeCompilerABI.h
[2/2] Linking CXX executable cmTC_db942.exe



